TN:
SF:controllers\categoryController.js
FN:4,(anonymous_0)
FN:32,(anonymous_1)
FN:43,(anonymous_2)
FN:69,(anonymous_3)
FNF:4
FNH:4
FNDA:3,(anonymous_0)
FNDA:2,(anonymous_1)
FNDA:3,(anonymous_2)
FNDA:4,(anonymous_3)
DA:4,1
DA:5,3
DA:6,3
DA:8,3
DA:9,3
DA:10,1
DA:15,2
DA:19,2
DA:21,1
DA:25,1
DA:26,1
DA:32,1
DA:33,2
DA:34,2
DA:35,1
DA:37,1
DA:43,1
DA:44,3
DA:45,3
DA:46,3
DA:48,3
DA:49,2
DA:50,1
DA:55,1
DA:61,1
DA:63,1
DA:69,1
DA:70,4
DA:71,4
DA:73,4
DA:74,3
DA:75,1
DA:81,2
DA:82,2
DA:83,1
DA:88,1
DA:90,1
DA:91,1
LF:38
LH:38
BRDA:9,0,0,1
BRDA:9,0,1,2
BRDA:49,1,0,1
BRDA:49,1,1,1
BRDA:74,2,0,1
BRDA:74,2,1,2
BRDA:82,3,0,1
BRDA:82,3,1,1
BRF:8
BRH:8
end_of_record
TN:
SF:controllers\dashboardController.js
FN:4,(anonymous_0)
FNF:1
FNH:1
FNDA:3,(anonymous_0)
DA:4,1
DA:5,3
DA:7,3
DA:10,2
DA:13,2
DA:16,2
DA:17,2
DA:18,2
DA:19,2
DA:20,2
DA:26,2
DA:30,2
DA:60,2
DA:63,2
DA:67,2
DA:75,2
DA:77,1
LF:17
LH:17
BRDA:13,0,0,2
BRDA:13,0,1,1
BRDA:60,1,0,2
BRDA:60,1,1,1
BRF:4
BRH:4
end_of_record
TN:
SF:controllers\orderController.js
FN:4,(anonymous_0)
FN:36,(anonymous_1)
FNF:2
FNH:2
FNDA:3,(anonymous_0)
FNDA:3,(anonymous_1)
DA:4,1
DA:5,3
DA:6,3
DA:7,3
DA:8,3
DA:9,2
DA:12,1
DA:13,1
DA:15,1
DA:17,1
DA:23,1
DA:24,1
DA:32,1
DA:36,1
DA:37,3
DA:38,3
DA:39,3
DA:41,3
DA:42,3
DA:43,1
DA:45,3
DA:59,2
DA:61,1
LF:23
LH:23
BRDA:9,0,0,1
BRDA:9,0,1,1
BRDA:42,1,0,1
BRDA:42,1,1,2
BRF:4
BRH:4
end_of_record
TN:
SF:controllers\productController.js
FN:6,(anonymous_0)
FN:25,(anonymous_1)
FN:38,(anonymous_2)
FN:62,(anonymous_3)
FNF:4
FNH:4
FNDA:2,(anonymous_0)
FNDA:2,(anonymous_1)
FNDA:2,(anonymous_2)
FNDA:4,(anonymous_3)
DA:6,1
DA:7,2
DA:8,2
DA:11,2
DA:14,2
DA:16,1
DA:20,1
DA:21,1
DA:25,1
DA:26,2
DA:27,2
DA:28,1
DA:29,1
DA:30,1
DA:32,1
DA:38,1
DA:39,2
DA:40,2
DA:41,2
DA:43,2
DA:44,2
DA:45,1
DA:48,1
DA:53,1
DA:55,0
DA:56,0
DA:62,1
DA:63,4
DA:64,4
DA:66,4
DA:67,3
DA:68,1
DA:71,2
DA:72,1
DA:75,1
DA:80,1
DA:82,1
DA:83,1
LF:38
LH:36
BRDA:44,0,0,1
BRDA:44,0,1,1
BRDA:67,1,0,1
BRDA:67,1,1,2
BRDA:71,2,0,1
BRDA:71,2,1,1
BRF:6
BRH:6
end_of_record
TN:
SF:controllers\supplierController.js
FN:4,(anonymous_0)
FN:33,(anonymous_1)
FN:44,(anonymous_2)
FN:70,(anonymous_3)
FNF:4
FNH:4
FNDA:3,(anonymous_0)
FNDA:2,(anonymous_1)
FNDA:2,(anonymous_2)
FNDA:4,(anonymous_3)
DA:4,1
DA:5,3
DA:6,3
DA:8,3
DA:9,2
DA:10,1
DA:15,1
DA:22,1
DA:24,1
DA:28,1
DA:29,1
DA:33,1
DA:34,2
DA:35,2
DA:36,1
DA:38,1
DA:44,1
DA:45,2
DA:46,2
DA:47,2
DA:49,2
DA:50,2
DA:51,1
DA:56,1
DA:61,1
DA:63,0
DA:64,0
DA:70,1
DA:71,4
DA:72,4
DA:74,4
DA:75,3
DA:76,1
DA:82,2
DA:83,2
DA:84,1
DA:89,1
DA:91,1
DA:92,1
LF:39
LH:37
BRDA:9,0,0,1
BRDA:9,0,1,1
BRDA:50,1,0,1
BRDA:50,1,1,1
BRDA:75,2,0,1
BRDA:75,2,1,2
BRDA:83,3,0,1
BRDA:83,3,1,1
BRF:8
BRH:8
end_of_record
TN:
SF:controllers\userController.js
FN:4,(anonymous_0)
FN:24,(anonymous_1)
FN:33,(anonymous_2)
FN:51,(anonymous_3)
FN:81,(anonymous_4)
FNF:5
FNH:5
FNDA:3,(anonymous_0)
FNDA:2,(anonymous_1)
FNDA:3,(anonymous_2)
FNDA:2,(anonymous_3)
FNDA:3,(anonymous_4)
DA:4,1
DA:5,3
DA:6,3
DA:7,3
DA:8,2
DA:9,1
DA:12,1
DA:13,1
DA:16,1
DA:18,1
DA:20,1
DA:24,1
DA:25,2
DA:26,2
DA:27,1
DA:29,1
DA:33,1
DA:34,3
DA:35,3
DA:36,3
DA:37,1
DA:40,2
DA:41,1
DA:42,0
DA:45,1
DA:47,1
DA:51,1
DA:52,2
DA:53,2
DA:54,2
DA:56,2
DA:57,1
DA:60,2
DA:71,1
DA:72,0
DA:75,1
DA:77,1
DA:81,1
DA:82,3
DA:83,3
DA:84,3
DA:86,2
DA:87,1
DA:90,1
DA:92,1
LF:45
LH:43
BRDA:8,0,0,1
BRDA:8,0,1,1
BRDA:36,1,0,1
BRDA:36,1,1,2
BRDA:41,2,0,0
BRDA:41,2,1,1
BRDA:56,3,0,1
BRDA:56,3,1,1
BRDA:71,4,0,0
BRDA:71,4,1,1
BRDA:86,5,0,1
BRDA:86,5,1,1
BRF:12
BRH:10
end_of_record
TN:
SF:db\connectToMongoDB.js
FN:3,(anonymous_0)
FNF:1
FNH:1
FNDA:2,(anonymous_0)
DA:3,1
DA:4,2
DA:5,2
DA:6,1
DA:8,1
LF:5
LH:5
BRF:0
BRH:0
end_of_record
TN:
SF:models\Category.js
FNF:0
FNH:0
DA:3,3
DA:21,3
LF:2
LH:2
BRF:0
BRH:0
end_of_record
TN:
SF:models\Order.js
FNF:0
FNH:0
DA:3,3
DA:11,3
LF:2
LH:2
BRF:0
BRH:0
end_of_record
TN:
SF:models\Product.js
FNF:0
FNH:0
DA:3,7
DA:48,7
LF:2
LH:2
BRF:0
BRH:0
end_of_record
TN:
SF:models\Supplier.js
FNF:0
FNH:0
DA:3,3
DA:28,3
LF:2
LH:2
BRF:0
BRH:0
end_of_record
TN:
SF:models\User.js
FNF:0
FNH:0
DA:3,3
DA:11,3
LF:2
LH:2
BRF:0
BRH:0
end_of_record
